{"created": 1725124960.258898, "duration": 6.748049974441528, "exitcode": 1, "root": "C:\\GitHub\\CosNIC", "environment": {}, "summary": {"passed": 2, "failed": 2, "total": 4, "collected": 4}, "collectors": [{"nodeid": "", "outcome": "passed", "result": [{"nodeid": "Dummy_Scripts/test_logging.py", "type": "Module"}]}, {"nodeid": "Dummy_Scripts/test_logging.py", "outcome": "passed", "result": [{"nodeid": "Dummy_Scripts/test_logging.py::test_logging[0.1]", "type": "Function", "lineno": 55}, {"nodeid": "Dummy_Scripts/test_logging.py::test_logging[0.5]", "type": "Function", "lineno": 55}, {"nodeid": "Dummy_Scripts/test_logging.py::test_logging[1.0]", "type": "Function", "lineno": 55}, {"nodeid": "Dummy_Scripts/test_logging.py::test_logging[5.0]", "type": "Function", "lineno": 55}]}], "tests": [{"nodeid": "Dummy_Scripts/test_logging.py::test_logging[0.1]", "lineno": 55, "outcome": "passed", "keywords": ["test_logging[0.1]", "parametrize", "pytestmark", "0.1", "test_logging.py", "Dummy_Scripts", "CosNIC", ""], "setup": {"duration": 0.0005735000013373792, "outcome": "passed"}, "call": {"duration": 0.10099310000077821, "outcome": "passed", "log": [{"name": "test_logging", "msg": "Logging gibberish: baz => Controller version : 2.2.9a63", "args": null, "levelname": "INFO", "levelno": 20, "pathname": "C:\\GitHub\\CosNIC\\Dummy_Scripts\\test_logging.py", "filename": "test_logging.py", "module": "test_logging", "exc_info": null, "exc_text": null, "stack_info": null, "lineno": 65, "funcName": "test_logging", "created": 1725124953.5476701, "msecs": 547.0, "relativeCreated": 255.07426261901855, "thread": 23180, "threadName": "MainThread", "processName": "MainProcess", "process": 15228, "asctime": "2024-08-31 22:52:33,547"}]}, "teardown": {"duration": 0.0003699000008055009, "outcome": "passed"}}, {"nodeid": "Dummy_Scripts/test_logging.py::test_logging[0.5]", "lineno": 55, "outcome": "failed", "keywords": ["test_logging[0.5]", "parametrize", "pytestmark", "0.5", "test_logging.py", "Dummy_Scripts", "CosNIC", ""], "setup": {"duration": 0.0003388999975868501, "outcome": "passed"}, "call": {"duration": 0.5010744000028353, "outcome": "failed", "crash": {"path": "C:\\GitHub\\CosNIC\\Dummy_Scripts\\test_logging.py", "lineno": 71, "message": "AssertionError: Simulated test failure\nassert False\n +  where False = choice([True, False])\n +    where choice = random.choice"}, "traceback": [{"path": "..\\Dummy_Scripts\\test_logging.py", "lineno": 71, "message": "AssertionError"}], "log": [{"name": "test_logging", "msg": "Logging gibberish: baz => Controller version : 2.2.9a63", "args": null, "levelname": "INFO", "levelno": 20, "pathname": "C:\\GitHub\\CosNIC\\Dummy_Scripts\\test_logging.py", "filename": "test_logging.py", "module": "test_logging", "exc_info": null, "exc_text": null, "stack_info": null, "lineno": 65, "funcName": "test_logging", "created": 1725124953.6500456, "msecs": 650.0, "relativeCreated": 357.4497699737549, "thread": 23180, "threadName": "MainThread", "processName": "MainProcess", "process": 15228, "asctime": "2024-08-31 22:52:33,650"}], "longrepr": "log_speed = 0.5\nlog_file = 'C:\\\\GitHub\\\\CosNIC\\\\backend\\\\test_runner\\\\tasks\\\\test_log.log'\n\n    @pytest.mark.parametrize(\n        # \"log_speed\", [0.1, 0.5, 1.0, 5.0, 10.0]\n        \"log_speed\",\n        [0.1, 0.5, 1.0, 5.0],\n    )  # Adjust logging speed here\n    def test_logging(log_speed, log_file):\n        logger = setup_logger(log_file)\n    \n        for _ in range(1):  # Adjust the range for more or fewer log entries\n            logger.info(\n                f\"Logging gibberish: {random.choice(['foo', 'bar', 'baz', 'qux'])} => Controller version : {controller.get_version()}\"\n            )\n            time.sleep(log_speed)  # Log at the specified speed\n    \n        # Simulate a pass/fail scenario\n>       assert random.choice([True, False]), \"Simulated test failure\"\nE       AssertionError: Simulated test failure\nE       assert False\nE        +  where False = choice([True, False])\nE        +    where choice = random.choice\n\n..\\Dummy_Scripts\\test_logging.py:71: AssertionError"}, "teardown": {"duration": 0.0005936999950790778, "outcome": "passed"}}, {"nodeid": "Dummy_Scripts/test_logging.py::test_logging[1.0]", "lineno": 55, "outcome": "passed", "keywords": ["test_logging[1.0]", "parametrize", "pytestmark", "1.0", "test_logging.py", "Dummy_Scripts", "CosNIC", ""], "setup": {"duration": 0.00033209999673999846, "outcome": "passed"}, "call": {"duration": 1.0010142000028281, "outcome": "passed", "log": [{"name": "test_logging", "msg": "Logging gibberish: bar => Controller version : 2.2.9a63", "args": null, "levelname": "INFO", "levelno": 20, "pathname": "C:\\GitHub\\CosNIC\\Dummy_Scripts\\test_logging.py", "filename": "test_logging.py", "module": "test_logging", "exc_info": null, "exc_text": null, "stack_info": null, "lineno": 65, "funcName": "test_logging", "created": 1725124954.2502012, "msecs": 250.0, "relativeCreated": 957.6053619384766, "thread": 23180, "threadName": "MainThread", "processName": "MainProcess", "process": 15228, "asctime": "2024-08-31 22:52:34,250"}]}, "teardown": {"duration": 0.00030130000232020393, "outcome": "passed"}}, {"nodeid": "Dummy_Scripts/test_logging.py::test_logging[5.0]", "lineno": 55, "outcome": "failed", "keywords": ["test_logging[5.0]", "parametrize", "pytestmark", "5.0", "test_logging.py", "Dummy_Scripts", "CosNIC", ""], "setup": {"duration": 0.00034130000130971894, "outcome": "passed"}, "call": {"duration": 5.001320000003034, "outcome": "failed", "crash": {"path": "C:\\GitHub\\CosNIC\\Dummy_Scripts\\test_logging.py", "lineno": 71, "message": "AssertionError: Simulated test failure\nassert False\n +  where False = choice([True, False])\n +    where choice = random.choice"}, "traceback": [{"path": "..\\Dummy_Scripts\\test_logging.py", "lineno": 71, "message": "AssertionError"}], "log": [{"name": "test_logging", "msg": "Logging gibberish: bar => Controller version : 2.2.9a63", "args": null, "levelname": "INFO", "levelno": 20, "pathname": "C:\\GitHub\\CosNIC\\Dummy_Scripts\\test_logging.py", "filename": "test_logging.py", "module": "test_logging", "exc_info": null, "exc_text": null, "stack_info": null, "lineno": 65, "funcName": "test_logging", "created": 1725124955.2524831, "msecs": 252.0, "relativeCreated": 1959.8872661590576, "thread": 23180, "threadName": "MainThread", "processName": "MainProcess", "process": 15228, "asctime": "2024-08-31 22:52:35,252"}], "longrepr": "log_speed = 5.0\nlog_file = 'C:\\\\GitHub\\\\CosNIC\\\\backend\\\\test_runner\\\\tasks\\\\test_log.log'\n\n    @pytest.mark.parametrize(\n        # \"log_speed\", [0.1, 0.5, 1.0, 5.0, 10.0]\n        \"log_speed\",\n        [0.1, 0.5, 1.0, 5.0],\n    )  # Adjust logging speed here\n    def test_logging(log_speed, log_file):\n        logger = setup_logger(log_file)\n    \n        for _ in range(1):  # Adjust the range for more or fewer log entries\n            logger.info(\n                f\"Logging gibberish: {random.choice(['foo', 'bar', 'baz', 'qux'])} => Controller version : {controller.get_version()}\"\n            )\n            time.sleep(log_speed)  # Log at the specified speed\n    \n        # Simulate a pass/fail scenario\n>       assert random.choice([True, False]), \"Simulated test failure\"\nE       AssertionError: Simulated test failure\nE       assert False\nE        +  where False = choice([True, False])\nE        +    where choice = random.choice\n\n..\\Dummy_Scripts\\test_logging.py:71: AssertionError"}, "teardown": {"duration": 0.0007564000043203123, "outcome": "passed"}}]}